# JRE version: OpenJDK Runtime Environment (17.0.6) (build 17.0.6+0-b2043.56-9586694)
# Java VM: OpenJDK 64-Bit Server VM (17.0.6+0-b2043.56-9586694, mixed mode, tiered, compressed oops, compressed class ptrs, g1 gc, windows-amd64)
GC Precious Log:
 CPUs: 8 total, 8 available
 Memory: 8037M
 Large Page Support: Disabled
 NUMA Support: Disabled
 Compressed Oops: Enabled (32-bit)
 Heap Region Size: 1M
 Heap Min Capacity: 8M
 Heap Initial Capacity: 126M
 Heap Max Capacity: 2G
 Pre-touch: Disabled
 Parallel Workers: 8
 Concurrent Workers: 2
 Concurrent Refinement Workers: 8
 Periodic GC: Disabled
Heap:
 garbage-first heap   total 408576K, used 141631K [0x0000000080000000, 0x0000000100000000)
  region size 1024K, 6 young (6144K), 6 survivors (6144K)
 Metaspace       used 139218K, committed 140544K, reserved 1171456K
  class space    used 18971K, committed 19648K, reserved 1048576K
GC Heap History (20 events):
Event: 282.596 GC heap after
{Heap after GC invocations=61 (full 0):
 garbage-first heap   total 408576K, used 125466K [0x0000000080000000, 0x0000000100000000)
  region size 1024K, 2 young (2048K), 2 survivors (2048K)
 Metaspace       used 134857K, committed 135744K, reserved 1171456K
  class space    used 18587K, committed 19008K, reserved 1048576K
}
Event: 657.055 GC heap before
{Heap before GC invocations=61 (full 0):
 garbage-first heap   total 408576K, used 310810K [0x0000000080000000, 0x0000000100000000)
  region size 1024K, 185 young (189440K), 2 survivors (2048K)
 Metaspace       used 136859K, committed 137920K, reserved 1171456K
  class space    used 18805K, committed 19328K, reserved 1048576K
}
Event: 657.072 GC heap after
{Heap after GC invocations=62 (full 0):
 garbage-first heap   total 408576K, used 142409K [0x0000000080000000, 0x0000000100000000)
  region size 1024K, 19 young (19456K), 19 survivors (19456K)
 Metaspace       used 136859K, committed 137920K, reserved 1171456K
  class space    used 18805K, committed 19328K, reserved 1048576K
}
Event: 937.156 GC heap before
{Heap before GC invocations=63 (full 0):
 garbage-first heap   total 408576K, used 360521K [0x0000000080000000, 0x0000000100000000)
  region size 1024K, 182 young (186368K), 19 survivors (19456K)
 Metaspace       used 137458K, committed 138496K, reserved 1171456K
  class space    used 18827K, committed 19328K, reserved 1048576K
}
Event: 937.278 GC heap after
{Heap after GC invocations=64 (full 0):
 garbage-first heap   total 408576K, used 134446K [0x0000000080000000, 0x0000000100000000)
  region size 1024K, 4 young (4096K), 4 survivors (4096K)
 Metaspace       used 137458K, committed 138496K, reserved 1171456K
  class space    used 18827K, committed 19328K, reserved 1048576K
}
Event: 938.155 GC heap before
{Heap before GC invocations=64 (full 0):
 garbage-first heap   total 408576K, used 149806K [0x0000000080000000, 0x0000000100000000)
  region size 1024K, 19 young (19456K), 4 survivors (4096K)
 Metaspace       used 137478K, committed 138496K, reserved 1171456K
  class space    used 18827K, committed 19328K, reserved 1048576K
}
Event: 938.210 GC heap after
{Heap after GC invocations=65 (full 0):
 garbage-first heap   total 408576K, used 127078K [0x0000000080000000, 0x0000000100000000)
  region size 1024K, 3 young (3072K), 3 survivors (3072K)
 Metaspace       used 137478K, committed 138496K, reserved 1171456K
  class space    used 18827K, committed 19328K, reserved 1048576K
}
Event: 939.442 GC heap before
{Heap before GC invocations=65 (full 0):
 garbage-first heap   total 408576K, used 150630K [0x0000000080000000, 0x0000000100000000)
  region size 1024K, 28 young (28672K), 3 survivors (3072K)
 Metaspace       used 137582K, committed 138560K, reserved 1171456K
  class space    used 18828K, committed 19328K, reserved 1048576K
}
Event: 939.469 GC heap after
{Heap after GC invocations=66 (full 0):
 garbage-first heap   total 408576K, used 130211K [0x0000000080000000, 0x0000000100000000)
  region size 1024K, 6 young (6144K), 6 survivors (6144K)
 Metaspace       used 137582K, committed 138560K, reserved 1171456K
  class space    used 18828K, committed 19328K, reserved 1048576K
}
Event: 1040.130 GC heap before
{Heap before GC invocations=67 (full 0):
 garbage-first heap   total 408576K, used 365731K [0x0000000080000000, 0x0000000100000000)
  region size 1024K, 168 young (172032K), 6 survivors (6144K)
 Metaspace       used 138268K, committed 139392K, reserved 1171456K
  class space    used 18896K, committed 19456K, reserved 1048576K
}
Event: 1040.209 GC heap after
{Heap after GC invocations=68 (full 0):
 garbage-first heap   total 408576K, used 134882K [0x0000000080000000, 0x0000000100000000)
  region size 1024K, 12 young (12288K), 12 survivors (12288K)
 Metaspace       used 138268K, committed 139392K, reserved 1171456K
  class space    used 18896K, committed 19456K, reserved 1048576K
}
Event: 1040.673 GC heap before
{Heap before GC invocations=68 (full 0):
 garbage-first heap   total 408576K, used 142050K [0x0000000080000000, 0x0000000100000000)
  region size 1024K, 19 young (19456K), 12 survivors (12288K)
 Metaspace       used 138304K, committed 139456K, reserved 1171456K
  class space    used 18905K, committed 19456K, reserved 1048576K
}
Event: 1040.789 GC heap after
{Heap after GC invocations=69 (full 0):
 garbage-first heap   total 408576K, used 131057K [0x0000000080000000, 0x0000000100000000)
  region size 1024K, 3 young (3072K), 3 survivors (3072K)
 Metaspace       used 138304K, committed 139456K, reserved 1171456K
  class space    used 18905K, committed 19456K, reserved 1048576K
}
Event: 2491.126 GC heap before
{Heap before GC invocations=69 (full 0):
 garbage-first heap   total 408576K, used 240625K [0x0000000080000000, 0x0000000100000000)
  region size 1024K, 112 young (114688K), 3 survivors (3072K)
 Metaspace       used 138958K, committed 140352K, reserved 1171456K
  class space    used 19028K, committed 19648K, reserved 1048576K
}
Event: 2491.187 GC heap after
{Heap after GC invocations=70 (full 0):
 garbage-first heap   total 408576K, used 138675K [0x0000000080000000, 0x0000000100000000)
  region size 1024K, 11 young (11264K), 11 survivors (11264K)
 Metaspace       used 138958K, committed 140352K, reserved 1171456K
  class space    used 19028K, committed 19648K, reserved 1048576K
}
Event: 2499.543 GC heap before
{Heap before GC invocations=71 (full 0):
 garbage-first heap   total 408576K, used 310707K [0x0000000080000000, 0x0000000100000000)
  region size 1024K, 159 young (162816K), 11 survivors (11264K)
 Metaspace       used 139019K, committed 140416K, reserved 1171456K
  class space    used 18968K, committed 19648K, reserved 1048576K
}
Event: 2499.595 GC heap after
{Heap after GC invocations=72 (full 0):
 garbage-first heap   total 408576K, used 155099K [0x0000000080000000, 0x0000000100000000)
  region size 1024K, 20 young (20480K), 20 survivors (20480K)
 Metaspace       used 139019K, committed 140416K, reserved 1171456K
  class space    used 18968K, committed 19648K, reserved 1048576K
}
Event: 2499.619 GC heap before
{Heap before GC invocations=72 (full 0):
 garbage-first heap   total 408576K, used 156123K [0x0000000080000000, 0x0000000100000000)
  region size 1024K, 21 young (21504K), 20 survivors (20480K)
 Metaspace       used 139034K, committed 140416K, reserved 1171456K
  class space    used 18968K, committed 19648K, reserved 1048576K
}
Event: 2499.682 GC heap after
{Heap after GC invocations=73 (full 0):
 garbage-first heap   total 408576K, used 138240K [0x0000000080000000, 0x0000000100000000)
  region size 1024K, 2 young (2048K), 2 survivors (2048K)
 Metaspace       used 139034K, committed 140416K, reserved 1171456K
  class space    used 18968K, committed 19648K, reserved 1048576K
}
Event: 2500.079 GC heap before
{Heap before GC invocations=73 (full 0):
 garbage-first heap   total 408576K, used 169984K [0x0000000080000000, 0x0000000100000000)
  region size 1024K, 34 young (34816K), 2 survivors (2048K)
 Metaspace       used 139218K, committed 140544K, reserved 1171456K
  class space    used 18971K, committed 19648K, reserved 1048576K
}

